0 info it worked if it ends with ok
1 verbose cli [ 'node', '/usr/local/bin/npm', 'install', 'html-to-text', '-g' ]
2 info using npm@2.0.0-alpha.7
3 info using node@v0.10.26
4 verbose cache add [ 'html-to-text', null ]
5 verbose cache add spec="html-to-text" args=["html-to-text",null]
6 verbose parsed spec { raw: 'html-to-text',
6 verbose parsed spec   scope: null,
6 verbose parsed spec   name: 'html-to-text',
6 verbose parsed spec   rawSpec: '',
6 verbose parsed spec   spec: '*',
6 verbose parsed spec   type: 'range' }
7 verbose addNamed [ 'html-to-text', '*' ]
8 verbose addNamed [ null, '*' ]
9 silly lockFile 6fe10d96-html-to-text html-to-text@*
10 verbose lock html-to-text@* /Users/timhuebner/.npm/6fe10d96-html-to-text.lock
11 silly addNameRange { name: 'html-to-text', range: '*', hasData: false }
12 verbose mapToRegistry name html-to-text
13 verbose mapToRegistry uri https://registry.npmjs.org/html-to-text
14 verbose request on initialization, where is /html-to-text
15 verbose request after pass 1, where is /html-to-text
16 verbose request url raw /html-to-text
17 verbose request resolving registry [ 'https://registry.npmjs.org/', './html-to-text' ]
18 verbose request after pass 2, where is https://registry.npmjs.org/html-to-text
19 verbose request no auth needed
20 info retrier registry request attempt 1 at 16:36:51
21 verbose request id a9fe49a81fdf0459
22 verbose etag "7L80F29BIREQJCETOG1ROA32H"
23 http request GET https://registry.npmjs.org/html-to-text
24 http 304 https://registry.npmjs.org/html-to-text
25 silly registry.get cb [ 304,
25 silly registry.get   { date: 'Fri, 12 Dec 2014 15:36:51 GMT',
25 silly registry.get     server: 'Apache',
25 silly registry.get     via: '1.1 varnish',
25 silly registry.get     'last-modified': 'Fri, 12 Dec 2014 15:36:52 GMT',
25 silly registry.get     'cache-control': 'max-age=60',
25 silly registry.get     etag: '"7L80F29BIREQJCETOG1ROA32H"',
25 silly registry.get     age: '0',
25 silly registry.get     'x-served-by': 'cache-fra1241-FRA',
25 silly registry.get     'x-cache': 'HIT',
25 silly registry.get     'x-cache-hits': '1',
25 silly registry.get     'x-timer': 'S1418398611.751624,VS0,VE417',
25 silly registry.get     vary: 'Accept',
25 silly registry.get     'content-length': '0',
25 silly registry.get     'keep-alive': 'timeout=10, max=50',
25 silly registry.get     connection: 'Keep-Alive' } ]
26 verbose etag https://registry.npmjs.org/html-to-text from cache
27 silly addNameRange number 2 { name: 'html-to-text', range: '*', hasData: true }
28 silly addNameRange versions [ 'html-to-text',
28 silly addNameRange   [ '0.0.1',
28 silly addNameRange     '0.0.2',
28 silly addNameRange     '0.0.3',
28 silly addNameRange     '0.0.4',
28 silly addNameRange     '0.0.5',
28 silly addNameRange     '0.0.6',
28 silly addNameRange     '0.0.7',
28 silly addNameRange     '0.0.8',
28 silly addNameRange     '0.1.0',
28 silly addNameRange     '1.0.0',
28 silly addNameRange     '1.1.0',
28 silly addNameRange     '1.1.1' ] ]
29 verbose addNamed [ 'html-to-text', '1.1.1' ]
30 verbose addNamed [ '1.1.1', '1.1.1' ]
31 silly lockFile 6f8ae146-html-to-text-1-1-1 html-to-text@1.1.1
32 verbose lock html-to-text@1.1.1 /Users/timhuebner/.npm/6f8ae146-html-to-text-1-1-1.lock
33 silly lockFile 6f8ae146-html-to-text-1-1-1 html-to-text@1.1.1
34 silly lockFile 6f8ae146-html-to-text-1-1-1 html-to-text@1.1.1
35 silly lockFile 6fe10d96-html-to-text html-to-text@*
36 silly lockFile 6fe10d96-html-to-text html-to-text@*
37 silly resolved [ { name: 'html-to-text',
37 silly resolved     version: '1.1.1',
37 silly resolved     description: 'Advanced html to plain text converter',
37 silly resolved     main: 'index.js',
37 silly resolved     scripts: {},
37 silly resolved     author: { name: 'Malte Legenhausen', email: 'legenhausen@werk85.de' },
37 silly resolved     homepage: 'https://github.com/werk85/node-html-to-text',
37 silly resolved     licenses: [ [Object] ],
37 silly resolved     repository:
37 silly resolved      { type: 'git',
37 silly resolved        url: 'git://github.com/werk85/node-html-to-text.git' },
37 silly resolved     bugs: { url: 'https://github.com/werk85/node-html-to-text/issues' },
37 silly resolved     dependencies:
37 silly resolved      { htmlparser: '1.x.x',
37 silly resolved        underscore: '1.x.x',
37 silly resolved        'underscore.string': '2.x.x',
37 silly resolved        optimist: '0.x.x' },
37 silly resolved     keywords: [ 'html', 'node', 'text', 'mail', 'plain', 'converter' ],
37 silly resolved     engines: { node: '>= 0.8.0 <0.12' },
37 silly resolved     bin: { 'html-to-text': './bin/cli.js' },
37 silly resolved     gitHead: 'dad5f226e5457f2fdcf4f6186c35e10794968f65',
37 silly resolved     _id: 'html-to-text@1.1.1',
37 silly resolved     _shasum: '857f7be1feca4922246154673db541e2c0afac0c',
37 silly resolved     _from: 'html-to-text@*',
37 silly resolved     _npmVersion: '2.0.0',
37 silly resolved     _npmUser: { name: 'mlegenhausen', email: 'mlegenhausen@gmail.com' },
37 silly resolved     maintainers: [ [Object] ],
37 silly resolved     dist:
37 silly resolved      { shasum: '857f7be1feca4922246154673db541e2c0afac0c',
37 silly resolved        tarball: 'http://registry.npmjs.org/html-to-text/-/html-to-text-1.1.1.tgz' },
37 silly resolved     directories: {},
37 silly resolved     _resolved: 'https://registry.npmjs.org/html-to-text/-/html-to-text-1.1.1.tgz',
37 silly resolved     readme: 'ERROR: No README data found!' } ]
38 info install html-to-text@1.1.1 into /usr/local/lib
39 info installOne html-to-text@1.1.1
40 verbose lib/node_modules/html-to-text unbuild
41 verbose gentlyRm vacuuming /usr/local/lib/node_modules/html-to-text
42 verbose tar unpack /Users/timhuebner/.npm/html-to-text/1.1.1/package.tgz
43 silly lockFile 657e2f98-al-lib-node-modules-html-to-text tar:///usr/local/lib/node_modules/html-to-text
44 verbose lock tar:///usr/local/lib/node_modules/html-to-text /Users/timhuebner/.npm/657e2f98-al-lib-node-modules-html-to-text.lock
45 silly lockFile 80513206-m-html-to-text-1-1-1-package-tgz tar:///Users/timhuebner/.npm/html-to-text/1.1.1/package.tgz
46 verbose lock tar:///Users/timhuebner/.npm/html-to-text/1.1.1/package.tgz /Users/timhuebner/.npm/80513206-m-html-to-text-1-1-1-package-tgz.lock
47 verbose gentlyRm vacuuming /usr/local/lib/node_modules/html-to-text
48 silly gunzTarPerm modes [ '755', '644' ]
49 error Error: EACCES, mkdir '/usr/local/lib/node_modules/html-to-text'
49 error  { [Error: EACCES, mkdir '/usr/local/lib/node_modules/html-to-text']
49 error   errno: 3,
49 error   code: 'EACCES',
49 error   path: '/usr/local/lib/node_modules/html-to-text',
49 error   fstream_type: 'Directory',
49 error   fstream_path: '/usr/local/lib/node_modules/html-to-text',
49 error   fstream_class: 'DirWriter',
49 error   fstream_stack:
49 error    [ '/usr/local/lib/node_modules/npm/node_modules/fstream/lib/dir-writer.js:36:23',
49 error      '/usr/local/lib/node_modules/npm/node_modules/mkdirp/index.js:46:53',
49 error      'Object.oncomplete (fs.js:107:15)' ] }
50 error Please try running this command again as root/Administrator.
51 error System Darwin 13.3.0
52 error command "node" "/usr/local/bin/npm" "install" "html-to-text" "-g"
53 error cwd /Users/timhuebner/telescope3
54 error node -v v0.10.26
55 error npm -v 2.0.0-alpha.7
56 error path /usr/local/lib/node_modules/html-to-text
57 error fstream_path /usr/local/lib/node_modules/html-to-text
58 error fstream_type Directory
59 error fstream_class DirWriter
60 error code EACCES
61 error errno 3
62 error stack Error: EACCES, mkdir '/usr/local/lib/node_modules/html-to-text'
63 error fstream_stack /usr/local/lib/node_modules/npm/node_modules/fstream/lib/dir-writer.js:36:23
63 error fstream_stack /usr/local/lib/node_modules/npm/node_modules/mkdirp/index.js:46:53
63 error fstream_stack Object.oncomplete (fs.js:107:15)
64 verbose exit [ 3, true ]
